[2023-08-04 14:42:15,363: INFO: main: Welcome to our custom logging]
[2023-08-04 15:48:52,400: INFO: common: yaml file: config\config.yaml loaded successfully]
[2023-08-04 15:48:52,404: INFO: common: yaml file: params.yaml loaded successfully]
[2023-08-04 15:48:52,406: INFO: common: yaml file: schema.yaml loaded successfully]
[2023-08-04 15:48:52,407: INFO: common: created directory at: artifacts]
[2023-08-04 15:48:52,408: INFO: common: created directory at: artifacts/data_ingestion]
[2023-08-04 15:48:53,380: INFO: 2280763589: artifacts/data_ingestion/data.zip download! with following info: 
Connection: close
Content-Length: 23329
Cache-Control: max-age=300
Content-Security-Policy: default-src 'none'; style-src 'unsafe-inline'; sandbox
Content-Type: application/zip
ETag: "c69888a4ae59bc5a893392785a938ccd4937981c06ba8a9d6a21aa52b4ab5b6e"
Strict-Transport-Security: max-age=31536000
X-Content-Type-Options: nosniff
X-Frame-Options: deny
X-XSS-Protection: 1; mode=block
X-GitHub-Request-Id: 7594:2CDC:109AE8:1278DC:64CCD053
Accept-Ranges: bytes
Date: Fri, 04 Aug 2023 10:17:56 GMT
Via: 1.1 varnish
X-Served-By: cache-bom4743-BOM
X-Cache: MISS
X-Cache-Hits: 0
X-Timer: S1691144276.403467,VS0,VE360
Vary: Authorization,Accept-Encoding,Origin
Access-Control-Allow-Origin: *
Cross-Origin-Resource-Policy: cross-origin
X-Fastly-Request-ID: ab0300177579935d6be9b5a6e1f5ae0de67434f5
Expires: Fri, 04 Aug 2023 10:22:56 GMT
Source-Age: 0

]
[2023-08-04 16:08:07,879: INFO: main: >>>>>> stage Data Ingestion stage started <<<<<<]
[2023-08-04 16:08:07,881: INFO: common: yaml file: config\config.yaml loaded successfully]
[2023-08-04 16:08:07,882: INFO: common: yaml file: params.yaml loaded successfully]
[2023-08-04 16:08:07,882: INFO: common: yaml file: schema.yaml loaded successfully]
[2023-08-04 16:08:07,882: INFO: common: created directory at: artifacts]
[2023-08-04 16:08:07,883: INFO: common: created directory at: artifacts/data_ingestion]
[2023-08-04 16:08:08,711: INFO: data_ingestion: artifacts/data_ingestion/data.zip download! with following info: 
Connection: close
Content-Length: 23329
Cache-Control: max-age=300
Content-Security-Policy: default-src 'none'; style-src 'unsafe-inline'; sandbox
Content-Type: application/zip
ETag: "c69888a4ae59bc5a893392785a938ccd4937981c06ba8a9d6a21aa52b4ab5b6e"
Strict-Transport-Security: max-age=31536000
X-Content-Type-Options: nosniff
X-Frame-Options: deny
X-XSS-Protection: 1; mode=block
X-GitHub-Request-Id: 7594:2CDC:109AE8:1278DC:64CCD053
Accept-Ranges: bytes
Date: Fri, 04 Aug 2023 10:37:12 GMT
Via: 1.1 varnish
X-Served-By: cache-bom4738-BOM
X-Cache: HIT
X-Cache-Hits: 1
X-Timer: S1691145432.842026,VS0,VE348
Vary: Authorization,Accept-Encoding,Origin
Access-Control-Allow-Origin: *
Cross-Origin-Resource-Policy: cross-origin
X-Fastly-Request-ID: 4cb22dff312f7210c11a8029b96e372d08bcfa8d
Expires: Fri, 04 Aug 2023 10:42:12 GMT
Source-Age: 0

]
[2023-08-04 16:08:08,714: INFO: main: >>>>>> stage Data Ingestion stage completed <<<<<<

x==========x]
[2023-08-05 00:30:49,370: INFO: common: yaml file: config\config.yaml loaded successfully]
[2023-08-05 00:30:49,375: INFO: common: yaml file: params.yaml loaded successfully]
[2023-08-05 00:30:49,379: INFO: common: yaml file: schema.yaml loaded successfully]
[2023-08-05 00:30:49,381: INFO: common: created directory at: artifacts]
[2023-08-05 00:30:49,383: INFO: common: created directory at: artifacts/data_validation]
[2023-08-05 00:41:01,292: INFO: utils: Note: NumExpr detected 12 cores but "NUMEXPR_MAX_THREADS" not set, so enforcing safe limit of 8.]
[2023-08-05 00:41:01,293: INFO: utils: NumExpr defaulting to 8 threads.]
[2023-08-05 00:41:08,288: INFO: main: >>>>>> stage Data Ingestion stage started <<<<<<]
[2023-08-05 00:41:08,291: INFO: common: yaml file: config\config.yaml loaded successfully]
[2023-08-05 00:41:08,293: INFO: common: yaml file: params.yaml loaded successfully]
[2023-08-05 00:41:08,294: INFO: common: yaml file: schema.yaml loaded successfully]
[2023-08-05 00:41:08,295: INFO: common: created directory at: artifacts]
[2023-08-05 00:41:08,295: INFO: common: created directory at: artifacts/data_ingestion]
[2023-08-05 00:41:09,111: INFO: data_ingestion: artifacts/data_ingestion/data.zip download! with following info: 
Connection: close
Content-Length: 23329
Cache-Control: max-age=300
Content-Security-Policy: default-src 'none'; style-src 'unsafe-inline'; sandbox
Content-Type: application/zip
ETag: "c69888a4ae59bc5a893392785a938ccd4937981c06ba8a9d6a21aa52b4ab5b6e"
Strict-Transport-Security: max-age=31536000
X-Content-Type-Options: nosniff
X-Frame-Options: deny
X-XSS-Protection: 1; mode=block
X-GitHub-Request-Id: FD16:2CF451:2B4A3:3C80A:64CD4D10
Accept-Ranges: bytes
Date: Fri, 04 Aug 2023 19:10:12 GMT
Via: 1.1 varnish
X-Served-By: cache-bom4742-BOM
X-Cache: MISS
X-Cache-Hits: 0
X-Timer: S1691176212.073132,VS0,VE395
Vary: Authorization,Accept-Encoding,Origin
Access-Control-Allow-Origin: *
Cross-Origin-Resource-Policy: cross-origin
X-Fastly-Request-ID: 2deeb409793e89809ae67ef72d1061f4b74c9c41
Expires: Fri, 04 Aug 2023 19:15:12 GMT
Source-Age: 0

]
[2023-08-05 00:41:09,117: INFO: main: >>>>>> stage Data Ingestion stage completed <<<<<<

x==========x]
[2023-08-05 00:41:09,117: INFO: main: >>>>>> stage Data Validation stage started <<<<<<]
[2023-08-05 00:41:09,119: INFO: common: yaml file: config\config.yaml loaded successfully]
[2023-08-05 00:41:09,121: INFO: common: yaml file: params.yaml loaded successfully]
[2023-08-05 00:41:09,124: INFO: common: yaml file: schema.yaml loaded successfully]
[2023-08-05 00:41:09,124: INFO: common: created directory at: artifacts]
[2023-08-05 00:41:09,125: INFO: common: created directory at: artifacts/data_validation]
[2023-08-05 00:41:09,139: INFO: main: >>>>>> stage Data Validation stage completed <<<<<<

x==========x]
